Compiling the C compiler identification source file "CMakeCCompilerId.c" failed.
Compiler: /Library/Developer/CommandLineTools/usr/bin/cc 
Build flags: 
Id flags:  

The output was:
1
ld: library not found for -lSystem
clang: error: linker command failed with exit code 1 (use -v to see invocation)


Compiling the CXX compiler identification source file "CMakeCXXCompilerId.cpp" failed.
Compiler: /Library/Developer/CommandLineTools/usr/bin/c++ 
Build flags: 
Id flags:  

The output was:
1
ld: library not found for -lc++
clang: error: linker command failed with exit code 1 (use -v to see invocation)


Determining if the include file altivec.h exists failed with the following output:
Change Dir: /Users/maiwenn/Documents/projet/Shaderpixel/libs/fftw-3.3.10/CMakeFiles/CMakeTmp

Run Build Command(s):/usr/bin/make cmTC_d5fcb/fast && /Library/Developer/CommandLineTools/usr/bin/make  -f CMakeFiles/cmTC_d5fcb.dir/build.make CMakeFiles/cmTC_d5fcb.dir/build
Building C object CMakeFiles/cmTC_d5fcb.dir/CheckIncludeFile.c.o
/Library/Developer/CommandLineTools/usr/bin/cc   -isysroot /Library/Developer/CommandLineTools/SDKs/MacOSX11.0.sdk -o CMakeFiles/cmTC_d5fcb.dir/CheckIncludeFile.c.o -c /Users/maiwenn/Documents/projet/Shaderpixel/libs/fftw-3.3.10/CMakeFiles/CMakeTmp/CheckIncludeFile.c
In file included from /Users/maiwenn/Documents/projet/Shaderpixel/libs/fftw-3.3.10/CMakeFiles/CMakeTmp/CheckIncludeFile.c:1:
/Library/Developer/CommandLineTools/usr/lib/clang/12.0.0/include/altivec.h:13:2: error: "AltiVec support not enabled"
#error "AltiVec support not enabled"
 ^
/Library/Developer/CommandLineTools/usr/lib/clang/12.0.0/include/altivec.h:48:19: error: unknown type name 'vector'
static __inline__ vector signed char __ATTRS_o_ai vec_perm(
                  ^
/Library/Developer/CommandLineTools/usr/lib/clang/12.0.0/include/altivec.h:49:5: error: unknown type name 'vector'
    vector signed char __a, vector signed char __b, vector unsigned char __c);
    ^
/Library/Developer/CommandLineTools/usr/lib/clang/12.0.0/include/altivec.h:49:29: error: unknown type name 'vector'
    vector signed char __a, vector signed char __b, vector unsigned char __c);
                            ^
/Library/Developer/CommandLineTools/usr/lib/clang/12.0.0/include/altivec.h:49:53: error: unknown type name 'vector'
    vector signed char __a, vector signed char __b, vector unsigned char __c);
                                                    ^
/Library/Developer/CommandLineTools/usr/lib/clang/12.0.0/include/altivec.h:51:19: error: unknown type name 'vector'
static __inline__ vector unsigned char __ATTRS_o_ai
                  ^
/Library/Developer/CommandLineTools/usr/lib/clang/12.0.0/include/altivec.h:52:10: error: unknown type name 'vector'
vec_perm(vector unsigned char __a, vector unsigned char __b,
         ^
/Library/Developer/CommandLineTools/usr/lib/clang/12.0.0/include/altivec.h:52:36: error: unknown type name 'vector'
vec_perm(vector unsigned char __a, vector unsigned char __b,
                                   ^
/Library/Developer/CommandLineTools/usr/lib/clang/12.0.0/include/altivec.h:53:10: error: unknown type name 'vector'
         vector unsigned char __c);
         ^
/Library/Developer/CommandLineTools/usr/lib/clang/12.0.0/include/altivec.h:55:19: error: unknown type name 'vector'
static __inline__ vector bool char __ATTRS_o_ai
                  ^
/Library/Developer/CommandLineTools/usr/lib/clang/12.0.0/include/altivec.h:55:8: error: 'inline' can only appear on functions
static __inline__ vector bool char __ATTRS_o_ai
       ^
/Library/Developer/CommandLineTools/usr/lib/clang/12.0.0/include/altivec.h:55:30: error: expected ';' after top level declarator
static __inline__ vector bool char __ATTRS_o_ai
                             ^
/Library/Developer/CommandLineTools/usr/lib/clang/12.0.0/include/altivec.h:56:10: error: unknown type name 'vector'
vec_perm(vector bool char __a, vector bool char __b, vector unsigned char __c);
         ^
/Library/Developer/CommandLineTools/usr/lib/clang/12.0.0/include/altivec.h:56:22: error: expected ')'
vec_perm(vector bool char __a, vector bool char __b, vector unsigned char __c);
                     ^
/Library/Developer/CommandLineTools/usr/lib/clang/12.0.0/include/altivec.h:56:9: note: to match this '('
vec_perm(vector bool char __a, vector bool char __b, vector unsigned char __c);
        ^
/Library/Developer/CommandLineTools/usr/lib/clang/12.0.0/include/altivec.h:58:19: error: unknown type name 'vector'
static __inline__ vector short __ATTRS_o_ai vec_perm(vector signed short __a,
                  ^
/Library/Developer/CommandLineTools/usr/lib/clang/12.0.0/include/altivec.h:58:54: error: unknown type name 'vector'
static __inline__ vector short __ATTRS_o_ai vec_perm(vector signed short __a,
                                                     ^
/Library/Developer/CommandLineTools/usr/lib/clang/12.0.0/include/altivec.h:59:54: error: unknown type name 'vector'
                                                     vector signed short __b,
                                                     ^
/Library/Developer/CommandLineTools/usr/lib/clang/12.0.0/include/altivec.h:60:54: error: unknown type name 'vector'
                                                     vector unsigned char __c);
                                                     ^
/Library/Developer/CommandLineTools/usr/lib/clang/12.0.0/include/altivec.h:62:19: error: unknown type name 'vector'
static __inline__ vector unsigned short __ATTRS_o_ai
                  ^
fatal error: too many errors emitted, stopping now [-ferror-limit=]
20 errors generated.
make[1]: *** [CMakeFiles/cmTC_d5fcb.dir/CheckIncludeFile.c.o] Error 1
make: *** [cmTC_d5fcb/fast] Error 2



Determining if the include file c_asm.h exists failed with the following output:
Change Dir: /Users/maiwenn/Documents/projet/Shaderpixel/libs/fftw-3.3.10/CMakeFiles/CMakeTmp

Run Build Command(s):/usr/bin/make cmTC_c3d16/fast && /Library/Developer/CommandLineTools/usr/bin/make  -f CMakeFiles/cmTC_c3d16.dir/build.make CMakeFiles/cmTC_c3d16.dir/build
Building C object CMakeFiles/cmTC_c3d16.dir/CheckIncludeFile.c.o
/Library/Developer/CommandLineTools/usr/bin/cc   -isysroot /Library/Developer/CommandLineTools/SDKs/MacOSX11.0.sdk -o CMakeFiles/cmTC_c3d16.dir/CheckIncludeFile.c.o -c /Users/maiwenn/Documents/projet/Shaderpixel/libs/fftw-3.3.10/CMakeFiles/CMakeTmp/CheckIncludeFile.c
/Users/maiwenn/Documents/projet/Shaderpixel/libs/fftw-3.3.10/CMakeFiles/CMakeTmp/CheckIncludeFile.c:1:10: fatal error: 'c_asm.h' file not found
#include <c_asm.h>
         ^~~~~~~~~
1 error generated.
make[1]: *** [CMakeFiles/cmTC_c3d16.dir/CheckIncludeFile.c.o] Error 1
make: *** [cmTC_c3d16/fast] Error 2



Determining if the include file intrinsics.h exists failed with the following output:
Change Dir: /Users/maiwenn/Documents/projet/Shaderpixel/libs/fftw-3.3.10/CMakeFiles/CMakeTmp

Run Build Command(s):/usr/bin/make cmTC_163e0/fast && /Library/Developer/CommandLineTools/usr/bin/make  -f CMakeFiles/cmTC_163e0.dir/build.make CMakeFiles/cmTC_163e0.dir/build
Building C object CMakeFiles/cmTC_163e0.dir/CheckIncludeFile.c.o
/Library/Developer/CommandLineTools/usr/bin/cc   -isysroot /Library/Developer/CommandLineTools/SDKs/MacOSX11.0.sdk -o CMakeFiles/cmTC_163e0.dir/CheckIncludeFile.c.o -c /Users/maiwenn/Documents/projet/Shaderpixel/libs/fftw-3.3.10/CMakeFiles/CMakeTmp/CheckIncludeFile.c
/Users/maiwenn/Documents/projet/Shaderpixel/libs/fftw-3.3.10/CMakeFiles/CMakeTmp/CheckIncludeFile.c:1:10: fatal error: 'intrinsics.h' file not found
#include <intrinsics.h>
         ^~~~~~~~~~~~~~
1 error generated.
make[1]: *** [CMakeFiles/cmTC_163e0.dir/CheckIncludeFile.c.o] Error 1
make: *** [cmTC_163e0/fast] Error 2



Determining if the include file libintl.h exists failed with the following output:
Change Dir: /Users/maiwenn/Documents/projet/Shaderpixel/libs/fftw-3.3.10/CMakeFiles/CMakeTmp

Run Build Command(s):/usr/bin/make cmTC_3c44b/fast && /Library/Developer/CommandLineTools/usr/bin/make  -f CMakeFiles/cmTC_3c44b.dir/build.make CMakeFiles/cmTC_3c44b.dir/build
Building C object CMakeFiles/cmTC_3c44b.dir/CheckIncludeFile.c.o
/Library/Developer/CommandLineTools/usr/bin/cc   -isysroot /Library/Developer/CommandLineTools/SDKs/MacOSX11.0.sdk -o CMakeFiles/cmTC_3c44b.dir/CheckIncludeFile.c.o -c /Users/maiwenn/Documents/projet/Shaderpixel/libs/fftw-3.3.10/CMakeFiles/CMakeTmp/CheckIncludeFile.c
/Users/maiwenn/Documents/projet/Shaderpixel/libs/fftw-3.3.10/CMakeFiles/CMakeTmp/CheckIncludeFile.c:1:10: fatal error: 'libintl.h' file not found
#include <libintl.h>
         ^~~~~~~~~~~
1 error generated.
make[1]: *** [CMakeFiles/cmTC_3c44b.dir/CheckIncludeFile.c.o] Error 1
make: *** [cmTC_3c44b/fast] Error 2



Determining if the include file malloc.h exists failed with the following output:
Change Dir: /Users/maiwenn/Documents/projet/Shaderpixel/libs/fftw-3.3.10/CMakeFiles/CMakeTmp

Run Build Command(s):/usr/bin/make cmTC_d127c/fast && /Library/Developer/CommandLineTools/usr/bin/make  -f CMakeFiles/cmTC_d127c.dir/build.make CMakeFiles/cmTC_d127c.dir/build
Building C object CMakeFiles/cmTC_d127c.dir/CheckIncludeFile.c.o
/Library/Developer/CommandLineTools/usr/bin/cc   -isysroot /Library/Developer/CommandLineTools/SDKs/MacOSX11.0.sdk -o CMakeFiles/cmTC_d127c.dir/CheckIncludeFile.c.o -c /Users/maiwenn/Documents/projet/Shaderpixel/libs/fftw-3.3.10/CMakeFiles/CMakeTmp/CheckIncludeFile.c
/Users/maiwenn/Documents/projet/Shaderpixel/libs/fftw-3.3.10/CMakeFiles/CMakeTmp/CheckIncludeFile.c:1:10: fatal error: 'malloc.h' file not found
#include <malloc.h>
         ^~~~~~~~~~
1 error generated.
make[1]: *** [CMakeFiles/cmTC_d127c.dir/CheckIncludeFile.c.o] Error 1
make: *** [cmTC_d127c/fast] Error 2



Determining if the include file uintptr.h exists failed with the following output:
Change Dir: /Users/maiwenn/Documents/projet/Shaderpixel/libs/fftw-3.3.10/CMakeFiles/CMakeTmp

Run Build Command(s):/usr/bin/make cmTC_de2ee/fast && /Library/Developer/CommandLineTools/usr/bin/make  -f CMakeFiles/cmTC_de2ee.dir/build.make CMakeFiles/cmTC_de2ee.dir/build
Building C object CMakeFiles/cmTC_de2ee.dir/CheckIncludeFile.c.o
/Library/Developer/CommandLineTools/usr/bin/cc   -isysroot /Library/Developer/CommandLineTools/SDKs/MacOSX11.0.sdk -o CMakeFiles/cmTC_de2ee.dir/CheckIncludeFile.c.o -c /Users/maiwenn/Documents/projet/Shaderpixel/libs/fftw-3.3.10/CMakeFiles/CMakeTmp/CheckIncludeFile.c
/Users/maiwenn/Documents/projet/Shaderpixel/libs/fftw-3.3.10/CMakeFiles/CMakeTmp/CheckIncludeFile.c:1:10: fatal error: 'uintptr.h' file not found
#include <uintptr.h>
         ^~~~~~~~~~~
1 error generated.
make[1]: *** [CMakeFiles/cmTC_de2ee.dir/CheckIncludeFile.c.o] Error 1
make: *** [cmTC_de2ee/fast] Error 2



Determining if the prototype srand48 exists for HAVE_DECL_SRAND48 failed with the following output:
Change Dir: /Users/maiwenn/Documents/projet/Shaderpixel/libs/fftw-3.3.10/CMakeFiles/CMakeTmp

Run Build Command(s):/usr/bin/make cmTC_debf8/fast && /Library/Developer/CommandLineTools/usr/bin/make  -f CMakeFiles/cmTC_debf8.dir/build.make CMakeFiles/cmTC_debf8.dir/build
Building C object CMakeFiles/cmTC_debf8.dir/CheckPrototypeDefinition.c.o
/Library/Developer/CommandLineTools/usr/bin/cc   -isysroot /Library/Developer/CommandLineTools/SDKs/MacOSX11.0.sdk -o CMakeFiles/cmTC_debf8.dir/CheckPrototypeDefinition.c.o -c /Users/maiwenn/Documents/projet/Shaderpixel/libs/fftw-3.3.10/CMakeFiles/CMakeTmp/CheckPrototypeDefinition.c
/Users/maiwenn/Documents/projet/Shaderpixel/libs/fftw-3.3.10/CMakeFiles/CMakeTmp/CheckPrototypeDefinition.c:15:3: error: void function 'srand48' should not return a value [-Wreturn-type]
  return 0;
  ^      ~
1 error generated.
make[1]: *** [CMakeFiles/cmTC_debf8.dir/CheckPrototypeDefinition.c.o] Error 1
make: *** [cmTC_debf8/fast] Error 2



#include <stdlib.h>


static void cmakeRequireSymbol(int dummy, ...) {
  (void) dummy;
}

static void checkSymbol(void) {
#ifndef srand48
  cmakeRequireSymbol(0, &srand48);
#endif
}

void srand48(long int seedval) {
  return 0;
}

#ifdef __CLASSIC_C__
int main() {
  int ac;
  char*av[];
#else
int main(int ac, char *av[]) {
#endif
  checkSymbol();
  if (ac > 1000) {
    return *av[0];
  }
  return 0;
}


Determining if the prototype memalign exists for HAVE_DECL_MEMALIGN failed with the following output:
Change Dir: /Users/maiwenn/Documents/projet/Shaderpixel/libs/fftw-3.3.10/CMakeFiles/CMakeTmp

Run Build Command(s):/usr/bin/make cmTC_9290c/fast && /Library/Developer/CommandLineTools/usr/bin/make  -f CMakeFiles/cmTC_9290c.dir/build.make CMakeFiles/cmTC_9290c.dir/build
Building C object CMakeFiles/cmTC_9290c.dir/CheckPrototypeDefinition.c.o
/Library/Developer/CommandLineTools/usr/bin/cc   -isysroot /Library/Developer/CommandLineTools/SDKs/MacOSX11.0.sdk -o CMakeFiles/cmTC_9290c.dir/CheckPrototypeDefinition.c.o -c /Users/maiwenn/Documents/projet/Shaderpixel/libs/fftw-3.3.10/CMakeFiles/CMakeTmp/CheckPrototypeDefinition.c
/Users/maiwenn/Documents/projet/Shaderpixel/libs/fftw-3.3.10/CMakeFiles/CMakeTmp/CheckPrototypeDefinition.c:1:10: fatal error: 'malloc.h' file not found
#include <malloc.h>
         ^~~~~~~~~~
1 error generated.
make[1]: *** [CMakeFiles/cmTC_9290c.dir/CheckPrototypeDefinition.c.o] Error 1
make: *** [cmTC_9290c/fast] Error 2



#include <malloc.h>


static void cmakeRequireSymbol(int dummy, ...) {
  (void) dummy;
}

static void checkSymbol(void) {
#ifndef memalign
  cmakeRequireSymbol(0, &memalign);
#endif
}

void *memalign(size_t alignment, size_t size) {
  return 0;
}

#ifdef __CLASSIC_C__
int main() {
  int ac;
  char*av[];
#else
int main(int ac, char *av[]) {
#endif
  checkSymbol();
  if (ac > 1000) {
    return *av[0];
  }
  return 0;
}


Determining if the memalign exist failed with the following output:
Change Dir: /Users/maiwenn/Documents/projet/Shaderpixel/libs/fftw-3.3.10/CMakeFiles/CMakeTmp

Run Build Command(s):/usr/bin/make cmTC_357cf/fast && /Library/Developer/CommandLineTools/usr/bin/make  -f CMakeFiles/cmTC_357cf.dir/build.make CMakeFiles/cmTC_357cf.dir/build
Building C object CMakeFiles/cmTC_357cf.dir/CheckSymbolExists.c.o
/Library/Developer/CommandLineTools/usr/bin/cc   -isysroot /Library/Developer/CommandLineTools/SDKs/MacOSX11.0.sdk -o CMakeFiles/cmTC_357cf.dir/CheckSymbolExists.c.o -c /Users/maiwenn/Documents/projet/Shaderpixel/libs/fftw-3.3.10/CMakeFiles/CMakeTmp/CheckSymbolExists.c
/Users/maiwenn/Documents/projet/Shaderpixel/libs/fftw-3.3.10/CMakeFiles/CMakeTmp/CheckSymbolExists.c:2:10: fatal error: 'malloc.h' file not found
#include <malloc.h>
         ^~~~~~~~~~
1 error generated.
make[1]: *** [CMakeFiles/cmTC_357cf.dir/CheckSymbolExists.c.o] Error 1
make: *** [cmTC_357cf/fast] Error 2


File /Users/maiwenn/Documents/projet/Shaderpixel/libs/fftw-3.3.10/CMakeFiles/CMakeTmp/CheckSymbolExists.c:
/* */
#include <malloc.h>

int main(int argc, char** argv)
{
  (void)argv;
#ifndef memalign
  return ((int*)(&memalign))[argc];
#else
  (void)argc;
  return 0;
#endif
}
Determining if the sysctl exist failed with the following output:
Change Dir: /Users/maiwenn/Documents/projet/Shaderpixel/libs/fftw-3.3.10/CMakeFiles/CMakeTmp

Run Build Command(s):/usr/bin/make cmTC_ed6fa/fast && /Library/Developer/CommandLineTools/usr/bin/make  -f CMakeFiles/cmTC_ed6fa.dir/build.make CMakeFiles/cmTC_ed6fa.dir/build
Building C object CMakeFiles/cmTC_ed6fa.dir/CheckSymbolExists.c.o
/Library/Developer/CommandLineTools/usr/bin/cc   -isysroot /Library/Developer/CommandLineTools/SDKs/MacOSX11.0.sdk -o CMakeFiles/cmTC_ed6fa.dir/CheckSymbolExists.c.o -c /Users/maiwenn/Documents/projet/Shaderpixel/libs/fftw-3.3.10/CMakeFiles/CMakeTmp/CheckSymbolExists.c
/Users/maiwenn/Documents/projet/Shaderpixel/libs/fftw-3.3.10/CMakeFiles/CMakeTmp/CheckSymbolExists.c:8:19: error: use of undeclared identifier 'sysctl'
  return ((int*)(&sysctl))[argc];
                  ^
1 error generated.
make[1]: *** [CMakeFiles/cmTC_ed6fa.dir/CheckSymbolExists.c.o] Error 1
make: *** [cmTC_ed6fa/fast] Error 2


File /Users/maiwenn/Documents/projet/Shaderpixel/libs/fftw-3.3.10/CMakeFiles/CMakeTmp/CheckSymbolExists.c:
/* */
#include <unistd.h>

int main(int argc, char** argv)
{
  (void)argv;
#ifndef sysctl
  return ((int*)(&sysctl))[argc];
#else
  (void)argc;
  return 0;
#endif
}
